<?xml version="1.0" encoding="UTF-8"?>
<testng-results ignored="0" total="1" passed="1" failed="0" skipped="0">
  <reporter-output>
  </reporter-output>
  <suite started-at="2024-08-12T20:08:30 IST" name="Default suite" finished-at="2024-08-12T20:08:32 IST" duration-ms="1725">
    <groups>
    </groups>
    <test started-at="2024-08-12T20:08:30 IST" name="Default test" finished-at="2024-08-12T20:08:32 IST" duration-ms="1725">
      <class name="BacicHTTPRequests.getRequest_invalidid">
        <test-method signature="getRequest_inValidId()[pri:0, instance:BacicHTTPRequests.getRequest_invalidid@48f278eb]" started-at="2024-08-12T20:08:31 IST" name="getRequest_inValidId" finished-at="2024-08-12T20:08:32 IST" duration-ms="1690" status="PASS">
          <reporter-output>
          </reporter-output>
        </test-method> <!-- getRequest_inValidId -->
      </class> <!-- BacicHTTPRequests.getRequest_invalidid -->
    </test> <!-- Default test -->
  </suite> <!-- Default suite -->
</testng-results>
